<?xml version="1.0" encoding="UTF-8"?>
<!-- Generated by org.testng.reporters.JUnitReportReporter -->
<testsuite hostname="DESKTOP-ABF0EPJ" failures="0" tests="1" name="com.testCases.HomePageTest" time="0.104" errors="0" timestamp="2024-01-30T11:55:10 IST" skipped="0">
  <testcase classname="com.testCases.HomePageTest" name="checkFooter" time="0.104"/>
</testsuite> <!-- com.testCases.HomePageTest -->
