<?xml version="1.0" encoding="UTF-8"?>
<!-- Generated by org.testng.reporters.JUnitReportReporter -->
<testsuite hostname="DESKTOP-ABF0EPJ" failures="0" tests="1" name="com.testCases.AppointmentConfTest" time="10.785" errors="0" timestamp="2024-02-20T12:18:16 IST" skipped="0">
  <testcase classname="com.testCases.AppointmentConfTest" name="verifyAppointmentPage" time="10.785"/>
</testsuite> <!-- com.testCases.AppointmentConfTest -->
